<html>
<head>
<title>TestNG:  Basic</title>
<link href="../testng.css" rel="stylesheet" type="text/css" />
<link href="../my-testng.css" rel="stylesheet" type="text/css" />

<style type="text/css">
.log { display: none;} 
.stack-trace { display: none;} 
</style>
<script type="text/javascript">
<!--
function flip(e) {
  current = e.style.display;
  if (current == 'block') {
    e.style.display = 'none';
    return 0;
  }
  else {
    e.style.display = 'block';
    return 1;
  }
}

function toggleBox(szDivId, elem, msg1, msg2)
{
  var res = -1;  if (document.getElementById) {
    res = flip(document.getElementById(szDivId));
  }
  else if (document.all) {
    // this is the way old msie versions work
    res = flip(document.all[szDivId]);
  }
  if(elem) {
    if(res == 0) elem.innerHTML = msg1; else elem.innerHTML = msg2;
  }

}

function toggleAllBoxes() {
  if (document.getElementsByTagName) {
    d = document.getElementsByTagName('div');
    for (i = 0; i < d.length; i++) {
      if (d[i].className == 'log') {
        flip(d[i]);
      }
    }
  }
}

// -->
</script>

</head>
<body>
<h2 align='center'>Basic</h2><table border='1' align="center">
<tr>
<td>Tests passed/Failed/Skipped:</td><td>5/1/0</td>
</tr><tr>
<td>Started on:</td><td>Tue Mar 14 01:17:01 PDT 2017</td>
</tr>
<tr><td>Total time:</td><td>82 seconds (82175 ms)</td>
</tr><tr>
<td>Included groups:</td><td>basic always </td>
</tr><tr>
<td>Excluded groups:</td><td></td>
</tr>
</table><p/>
<small><i>(Hover the method name to see the test class name)</i></small><p/>
<table width='100%' border='1' class='invocation-failed'>
<tr><td colspan='4' align='center'><b>FAILED TESTS</b></td></tr>
<tr><td><b>Test method</b></td>
<td width="30%"><b>Exception</b></td>
<td width="10%"><b>Time (seconds)</b></td>
<td><b>Instance</b></td>
</tr>
<tr>
<td title='narvar.QATrackingPageTest.testTrackingNumberClickable()'><b>testTrackingNumberClickable</b><br>Test class: narvar.QATrackingPageTest<br>Parameters: louandgrey, http://qa.narvar.com/louandgrey/tracking/FedEx?tracking_numbers=846902361923544, Undeliverable: In Transit To Sender, Thank You!</td>
<td><div><pre>java.lang.AssertionError: Clickability of tracking number does not match expected (values at index 0 are not the same) expected [[Z@384ab8c7] but found [[Z@31a92db0]
	at org.testng.Assert.fail(Assert.java:94)
	at org.testng.Assert.failNotEquals(Assert.java:513)
	at org.testng.Assert.assertArrayEquals(Assert.java:158)
	at org.testng.Assert.assertEquals(Assert.java:113)
	at narvar.QATrackingPageTest.testTrackingNumberClickable(QATrackingPageTest.java:254)
	at sun.reflect.NativeMethodAccessorImpl.invoke0(Native Method)
	at sun.reflect.NativeMethodAccessorImpl.invoke(NativeMethodAccessorImpl.java:57)
	at sun.reflect.DelegatingMethodAccessorImpl.invoke(DelegatingMethodAccessorImpl.java:43)
	at java.lang.reflect.Method.invoke(Method.java:606)
	at org.testng.internal.MethodInvocationHelper.invokeMethod(MethodInvocationHelper.java:86)
	at org.testng.internal.Invoker.invokeMethod(Invoker.java:643)
	at org.testng.internal.Invoker.invokeTestMethod(Invoker.java:820)
	at org.testng.internal.Invoker.invokeTestMethods(Invoker.java:1128)
	at org.testng.internal.TestMethodWorker.invokeTestMethods(TestMethodWorker.java:129)
	at org.testng.internal.TestMethodWorker.run(TestMethodWorker.java:112)
	at org.testng.TestRunner.privateRun(TestRunner.java:782)
	at org.testng.TestRunner.run(TestRunner.java:632)
	at org.testng.SuiteRunner.runTest(SuiteRunner.java:366)
	at org.testng.SuiteRunner.runSequentially(SuiteRunner.java:361)
	at org.testng.SuiteRunner.privateRun(SuiteRunner.java:319)
	at org.testng.SuiteRunner.run(SuiteRunner.java:268)
	at org.testng.SuiteRunnerWorker.runSuite(SuiteRunnerWorker.java:52)
	at org.testng.SuiteRunnerWorker.run(SuiteRunnerWorker.java:86)
	at org.testng.TestNG.runSuitesSequentially(TestNG.java:1244)
	at org.testng.TestNG.runSuitesLocally(TestNG.java:1169)
	at org.testng.TestNG.run(TestNG.java:1064)
	at org.testng.remote.AbstractRemoteTestNG.run(AbstractRemoteTestNG.java:132)
	at org.testng.remote.RemoteTestNG.initAndRun(RemoteTestNG.java:230)
	at org.testng.remote.RemoteTestNG.main(RemoteTestNG.java:76)
</pre></div><a href='#' onClick='toggleBox("stack-trace1472489687", this, "Click to show all stack frames", "Click to hide stack frames")'>Click to show all stack frames</a>
<div class='stack-trace' id='stack-trace1472489687'><pre>java.lang.AssertionError: Clickability of tracking number does not match expected (values at index 0 are not the same) expected [[Z@384ab8c7] but found [[Z@31a92db0]
	at org.testng.Assert.fail(Assert.java:94)
	at org.testng.Assert.failNotEquals(Assert.java:513)
	at org.testng.Assert.assertArrayEquals(Assert.java:158)
	at org.testng.Assert.assertEquals(Assert.java:113)
	at narvar.QATrackingPageTest.testTrackingNumberClickable(QATrackingPageTest.java:254)
	at sun.reflect.NativeMethodAccessorImpl.invoke0(Native Method)
	at sun.reflect.NativeMethodAccessorImpl.invoke(NativeMethodAccessorImpl.java:57)
	at sun.reflect.DelegatingMethodAccessorImpl.invoke(DelegatingMethodAccessorImpl.java:43)
	at java.lang.reflect.Method.invoke(Method.java:606)
	at org.testng.internal.MethodInvocationHelper.invokeMethod(MethodInvocationHelper.java:86)
	at org.testng.internal.Invoker.invokeMethod(Invoker.java:643)
	at org.testng.internal.Invoker.invokeTestMethod(Invoker.java:820)
	at org.testng.internal.Invoker.invokeTestMethods(Invoker.java:1128)
	at org.testng.internal.TestMethodWorker.invokeTestMethods(TestMethodWorker.java:129)
	at org.testng.internal.TestMethodWorker.run(TestMethodWorker.java:112)
	at org.testng.TestRunner.privateRun(TestRunner.java:782)
	at org.testng.TestRunner.run(TestRunner.java:632)
	at org.testng.SuiteRunner.runTest(SuiteRunner.java:366)
	at org.testng.SuiteRunner.runSequentially(SuiteRunner.java:361)
	at org.testng.SuiteRunner.privateRun(SuiteRunner.java:319)
	at org.testng.SuiteRunner.run(SuiteRunner.java:268)
	at org.testng.SuiteRunnerWorker.runSuite(SuiteRunnerWorker.java:52)
	at org.testng.SuiteRunnerWorker.run(SuiteRunnerWorker.java:86)
	at org.testng.TestNG.runSuitesSequentially(TestNG.java:1244)
	at org.testng.TestNG.runSuitesLocally(TestNG.java:1169)
	at org.testng.TestNG.run(TestNG.java:1064)
	at org.testng.remote.AbstractRemoteTestNG.run(AbstractRemoteTestNG.java:132)
	at org.testng.remote.RemoteTestNG.initAndRun(RemoteTestNG.java:230)
	at org.testng.remote.RemoteTestNG.main(RemoteTestNG.java:76)
</pre></div></td>
<td>20</td>
<td>narvar.QATrackingPageTest@1c59d3ae</td></tr>
</table><p>
<table width='100%' border='1' class='invocation-passed'>
<tr><td colspan='4' align='center'><b>PASSED TESTS</b></td></tr>
<tr><td><b>Test method</b></td>
<td width="30%"><b>Exception</b></td>
<td width="10%"><b>Time (seconds)</b></td>
<td><b>Instance</b></td>
</tr>
<tr>
<td title='narvar.QATrackingPageTest.testDeliveryStatus()'><b>testDeliveryStatus</b><br>Test class: narvar.QATrackingPageTest<br>Parameters: loft, http://qa.narvar.com/loft/tracking/FedEx?tracking_numbers=846902361923544ss, Just Shipped, Thank You</td>
<td></td>
<td>7</td>
<td>narvar.QATrackingPageTest@1c59d3ae</td></tr>
<tr>
<td title='narvar.QATrackingPageTest.testDeliveryStatus()'><b>testDeliveryStatus</b><br>Test class: narvar.QATrackingPageTest<br>Parameters: louandgrey, http://qa.narvar.com/louandgrey/tracking/FedEx?tracking_numbers=846902361923544, Undeliverable: In Transit To Sender, Thank You!</td>
<td></td>
<td>6</td>
<td>narvar.QATrackingPageTest@1c59d3ae</td></tr>
<tr>
<td title='narvar.QATrackingPageTest.testPageTitle()'><b>testPageTitle</b><br>Test class: narvar.QATrackingPageTest<br>Parameters: loft, http://qa.narvar.com/loft/tracking/FedEx?tracking_numbers=846902361923544ss, Just Shipped, Thank You</td>
<td></td>
<td>5</td>
<td>narvar.QATrackingPageTest@1c59d3ae</td></tr>
<tr>
<td title='narvar.QATrackingPageTest.testPageTitle()'><b>testPageTitle</b><br>Test class: narvar.QATrackingPageTest<br>Parameters: louandgrey, http://qa.narvar.com/louandgrey/tracking/FedEx?tracking_numbers=846902361923544, Undeliverable: In Transit To Sender, Thank You!</td>
<td></td>
<td>6</td>
<td>narvar.QATrackingPageTest@1c59d3ae</td></tr>
<tr>
<td title='narvar.QATrackingPageTest.testTrackingNumberClickable()'><b>testTrackingNumberClickable</b><br>Test class: narvar.QATrackingPageTest<br>Parameters: loft, http://qa.narvar.com/loft/tracking/FedEx?tracking_numbers=846902361923544ss, Just Shipped, Thank You</td>
<td></td>
<td>20</td>
<td>narvar.QATrackingPageTest@1c59d3ae</td></tr>
</table><p>
</body>
</html>