<?xml version="1.0" encoding="UTF-8"?>
<!-- Generated by org.testng.reporters.JUnitXMLReporter -->
<testsuite hostname="Galinas-MacBook-Air.local" name="Basic" tests="6" failures="1" timestamp="14 Mar 2017 08:18:23 GMT" time="82.175" errors="0">
  <testcase name="testDeliveryStatus" time="7.593" classname="narvar.QATrackingPageTest"/>
  <testcase name="testDeliveryStatus" time="6.09" classname="narvar.QATrackingPageTest"/>
  <testcase name="testPageTitle" time="5.384" classname="narvar.QATrackingPageTest"/>
  <testcase name="testPageTitle" time="6.927" classname="narvar.QATrackingPageTest"/>
  <testcase name="testTrackingNumberClickable" time="20.328" classname="narvar.QATrackingPageTest"/>
  <testcase name="testTrackingNumberClickable" time="20.782" classname="narvar.QATrackingPageTest">
    <failure type="java.lang.AssertionError" message="Clickability of tracking number does not match expected (values at index 0 are not the same) expected [[Z@384ab8c7] but found [[Z@31a92db0]">
      <![CDATA[java.lang.AssertionError: Clickability of tracking number does not match expected (values at index 0 are not the same) expected [[Z@384ab8c7] but found [[Z@31a92db0]
	at org.testng.Assert.fail(Assert.java:94)
	at org.testng.Assert.failNotEquals(Assert.java:513)
	at org.testng.Assert.assertArrayEquals(Assert.java:158)
	at org.testng.Assert.assertEquals(Assert.java:113)
	at narvar.QATrackingPageTest.testTrackingNumberClickable(QATrackingPageTest.java:254)
	at sun.reflect.NativeMethodAccessorImpl.invoke0(Native Method)
	at sun.reflect.NativeMethodAccessorImpl.invoke(NativeMethodAccessorImpl.java:57)
	at sun.reflect.DelegatingMethodAccessorImpl.invoke(DelegatingMethodAccessorImpl.java:43)
	at java.lang.reflect.Method.invoke(Method.java:606)
	at org.testng.internal.MethodInvocationHelper.invokeMethod(MethodInvocationHelper.java:86)
	at org.testng.internal.Invoker.invokeMethod(Invoker.java:643)
	at org.testng.internal.Invoker.invokeTestMethod(Invoker.java:820)
	at org.testng.internal.Invoker.invokeTestMethods(Invoker.java:1128)
	at org.testng.internal.TestMethodWorker.invokeTestMethods(TestMethodWorker.java:129)
	at org.testng.internal.TestMethodWorker.run(TestMethodWorker.java:112)
	at org.testng.TestRunner.privateRun(TestRunner.java:782)
	at org.testng.TestRunner.run(TestRunner.java:632)
	at org.testng.SuiteRunner.runTest(SuiteRunner.java:366)
	at org.testng.SuiteRunner.runSequentially(SuiteRunner.java:361)
	at org.testng.SuiteRunner.privateRun(SuiteRunner.java:319)
	at org.testng.SuiteRunner.run(SuiteRunner.java:268)
	at org.testng.SuiteRunnerWorker.runSuite(SuiteRunnerWorker.java:52)
	at org.testng.SuiteRunnerWorker.run(SuiteRunnerWorker.java:86)
	at org.testng.TestNG.runSuitesSequentially(TestNG.java:1244)
	at org.testng.TestNG.runSuitesLocally(TestNG.java:1169)
	at org.testng.TestNG.run(TestNG.java:1064)
	at org.testng.remote.AbstractRemoteTestNG.run(AbstractRemoteTestNG.java:132)
	at org.testng.remote.RemoteTestNG.initAndRun(RemoteTestNG.java:230)
	at org.testng.remote.RemoteTestNG.main(RemoteTestNG.java:76)
]]>
    </failure>
  </testcase> <!-- testTrackingNumberClickable -->
</testsuite> <!-- Basic -->
